execve("./root-ls-sys-abs", ["./root-ls-sys-abs", "."], 0x7ffc805cf118 /* 64 vars */) = 0
access("/etc/suid-debug", F_OK)         = -1 ENOENT (No such file or directory)
brk(NULL)                               = 0x56123c261000
fcntl(0, F_GETFD)                       = 0
fcntl(1, F_GETFD)                       = 0
fcntl(2, F_GETFD)                       = 0
access("/etc/suid-debug", F_OK)         = -1 ENOENT (No such file or directory)
access("/etc/ld.so.nohwcap", F_OK)      = -1 ENOENT (No such file or directory)
access("/etc/ld.so.preload", R_OK)      = -1 ENOENT (No such file or directory)
openat(AT_FDCWD, "/etc/ld.so.cache", O_RDONLY|O_CLOEXEC) = 3
fstat(3, {st_mode=S_IFREG|0644, st_size=260382, ...}) = 0
mmap(NULL, 260382, PROT_READ, MAP_PRIVATE, 3, 0) = 0x7f587de4e000
close(3)                                = 0
access("/etc/ld.so.nohwcap", F_OK)      = -1 ENOENT (No such file or directory)
openat(AT_FDCWD, "/lib/x86_64-linux-gnu/libc.so.6", O_RDONLY|O_CLOEXEC) = 3
read(3, "\177ELF\2\1\1\3\0\0\0\0\0\0\0\0\3\0>\0\1\0\0\0\20\35\2\0\0\0\0\0"..., 832) = 832
fstat(3, {st_mode=S_IFREG|0755, st_size=2030928, ...}) = 0
mmap(NULL, 8192, PROT_READ|PROT_WRITE, MAP_PRIVATE|MAP_ANONYMOUS, -1, 0) = 0x7f587de4c000
mmap(NULL, 4131552, PROT_READ|PROT_EXEC, MAP_PRIVATE|MAP_DENYWRITE, 3, 0) = 0x7f587d874000
mprotect(0x7f587da5b000, 2097152, PROT_NONE) = 0
mmap(0x7f587dc5b000, 24576, PROT_READ|PROT_WRITE, MAP_PRIVATE|MAP_FIXED|MAP_DENYWRITE, 3, 0x1e7000) = 0x7f587dc5b000
mmap(0x7f587dc61000, 15072, PROT_READ|PROT_WRITE, MAP_PRIVATE|MAP_FIXED|MAP_ANONYMOUS, -1, 0) = 0x7f587dc61000
close(3)                                = 0
arch_prctl(ARCH_SET_FS, 0x7f587de4d4c0) = 0
mprotect(0x7f587dc5b000, 16384, PROT_READ) = 0
mprotect(0x56123bfb8000, 4096, PROT_READ) = 0
mprotect(0x7f587de8e000, 4096, PROT_READ) = 0
munmap(0x7f587de4e000, 260382)          = 0
rt_sigaction(SIGINT, {sa_handler=SIG_IGN, sa_mask=[], sa_flags=SA_RESTORER, sa_restorer=0x7f587d8b3040}, {sa_handler=SIG_DFL, sa_mask=[], sa_flags=0}, 8) = 0
rt_sigaction(SIGQUIT, {sa_handler=SIG_IGN, sa_mask=[], sa_flags=SA_RESTORER, sa_restorer=0x7f587d8b3040}, {sa_handler=SIG_DFL, sa_mask=[], sa_flags=0}, 8) = 0
rt_sigprocmask(SIG_BLOCK, [CHLD], [], 8) = 0
clone(child_stack=NULL, flags=CLONE_PARENT_SETTID|SIGCHLD, parent_tidptr=0x7ffde8970ecc) = 17014
wait4(17014, fusy
[{WIFEXITED(s) && WEXITSTATUS(s) == 0}], 0, NULL) = 17014
rt_sigaction(SIGINT, {sa_handler=SIG_DFL, sa_mask=[], sa_flags=SA_RESTORER, sa_restorer=0x7f587d8b3040}, NULL, 8) = 0
rt_sigaction(SIGQUIT, {sa_handler=SIG_DFL, sa_mask=[], sa_flags=SA_RESTORER, sa_restorer=0x7f587d8b3040}, NULL, 8) = 0
rt_sigprocmask(SIG_SETMASK, [], NULL, 8) = 0
--- SIGCHLD {si_signo=SIGCHLD, si_code=CLD_EXITED, si_pid=17014, si_uid=1000, si_status=0, si_utime=0, si_stime=0} ---
rt_sigaction(SIGINT, {sa_handler=SIG_IGN, sa_mask=[], sa_flags=SA_RESTORER, sa_restorer=0x7f587d8b3040}, {sa_handler=SIG_DFL, sa_mask=[], sa_flags=SA_RESTORER, sa_restorer=0x7f587d8b3040}, 8) = 0
rt_sigaction(SIGQUIT, {sa_handler=SIG_IGN, sa_mask=[], sa_flags=SA_RESTORER, sa_restorer=0x7f587d8b3040}, {sa_handler=SIG_DFL, sa_mask=[], sa_flags=SA_RESTORER, sa_restorer=0x7f587d8b3040}, 8) = 0
rt_sigprocmask(SIG_BLOCK, [CHLD], [], 8) = 0
clone(child_stack=NULL, flags=CLONE_PARENT_SETTID|SIGCHLD, parent_tidptr=0x7ffde8970ecc) = 17016
wait4(17016, uid=1000(fusy) gid=1000(fusy) groups=1000(fusy),4(adm),24(cdrom),27(sudo),30(dip),46(plugdev),116(lpadmin),126(sambashare)
[{WIFEXITED(s) && WEXITSTATUS(s) == 0}], 0, NULL) = 17016
rt_sigaction(SIGINT, {sa_handler=SIG_DFL, sa_mask=[], sa_flags=SA_RESTORER, sa_restorer=0x7f587d8b3040}, NULL, 8) = 0
rt_sigaction(SIGQUIT, {sa_handler=SIG_DFL, sa_mask=[], sa_flags=SA_RESTORER, sa_restorer=0x7f587d8b3040}, NULL, 8) = 0
rt_sigprocmask(SIG_SETMASK, [], NULL, 8) = 0
--- SIGCHLD {si_signo=SIGCHLD, si_code=CLD_EXITED, si_pid=17016, si_uid=1000, si_status=0, si_utime=0, si_stime=0} ---
fstat(1, {st_mode=S_IFREG|0644, st_size=3937, ...}) = 0
brk(NULL)                               = 0x56123c261000
brk(0x56123c282000)                     = 0x56123c282000
rt_sigaction(SIGINT, {sa_handler=SIG_IGN, sa_mask=[], sa_flags=SA_RESTORER, sa_restorer=0x7f587d8b3040}, {sa_handler=SIG_DFL, sa_mask=[], sa_flags=SA_RESTORER, sa_restorer=0x7f587d8b3040}, 8) = 0
rt_sigaction(SIGQUIT, {sa_handler=SIG_IGN, sa_mask=[], sa_flags=SA_RESTORER, sa_restorer=0x7f587d8b3040}, {sa_handler=SIG_DFL, sa_mask=[], sa_flags=SA_RESTORER, sa_restorer=0x7f587d8b3040}, 8) = 0
rt_sigprocmask(SIG_BLOCK, [CHLD], [], 8) = 0
clone(child_stack=NULL, flags=CLONE_PARENT_SETTID|SIGCHLD, parent_tidptr=0x7ffde8970ecc) = 17018
wait4(17018, capability_leaking
capability_leaking.c
output-sys-abs.log
output-sys.log
README.md
root-ls
root-ls.c
root-ls-sys
root-ls-sys-abs
root-ls-sys-abs.c
root-ls-sys.c
root-zsh
root-zsh.c
zzz
[{WIFEXITED(s) && WEXITSTATUS(s) == 0}], 0, NULL) = 17018
rt_sigaction(SIGINT, {sa_handler=SIG_DFL, sa_mask=[], sa_flags=SA_RESTORER, sa_restorer=0x7f587d8b3040}, NULL, 8) = 0
rt_sigaction(SIGQUIT, {sa_handler=SIG_DFL, sa_mask=[], sa_flags=SA_RESTORER, sa_restorer=0x7f587d8b3040}, NULL, 8) = 0
rt_sigprocmask(SIG_SETMASK, [], NULL, 8) = 0
--- SIGCHLD {si_signo=SIGCHLD, si_code=CLD_EXITED, si_pid=17018, si_uid=1000, si_status=0, si_utime=0, si_stime=0} ---
write(1, "/bin/ls .\n", 10/bin/ls .
)             = 10
exit_group(0)                           = ?
+++ exited with 0 +++
